0 silly argv {
0 silly argv   _: [ 'import' ],
0 silly argv   'preserve-commit': true,
0 silly argv   preserveCommit: true,
0 silly argv   flatten: true,
0 silly argv   lernaVersion: '3.22.1',
0 silly argv   '$0': 'lerna',
0 silly argv   dir: '../app'
0 silly argv }
1 notice cli v3.22.1
2 verbose rootPath /home/vic__gi/Documents/Shenanigan/shenanigan-monorepo
3 info versioning independent
4 error Error: Command failed: git rev-parse HEAD
4 error fatal: ambiguous argument 'HEAD': unknown revision or path not in the working tree.
4 error Use '--' to separate paths from revisions, like this:
4 error 'git <command> [<revision>...] -- [<file>...]'
4 error
4 error HEAD
4 error
4 error     at makeError (/home/vic__gi/.nvm/versions/node/v12.16.3/lib/node_modules/lerna/node_modules/execa/index.js:174:9)
4 error     at Function.module.exports.sync (/home/vic__gi/.nvm/versions/node/v12.16.3/lib/node_modules/lerna/node_modules/execa/index.js:338:15)
4 error     at Object.execSync (/home/vic__gi/.nvm/versions/node/v12.16.3/lib/node_modules/lerna/node_modules/@lerna/child-process/index.js:26:16)
4 error     at ImportCommand.execSync (/home/vic__gi/.nvm/versions/node/v12.16.3/lib/node_modules/lerna/node_modules/@lerna/import/index.js:143:34)
4 error     at ImportCommand.getCurrentSHA (/home/vic__gi/.nvm/versions/node/v12.16.3/lib/node_modules/lerna/node_modules/@lerna/import/index.js:135:17)
4 error     at ImportCommand.initialize (/home/vic__gi/.nvm/versions/node/v12.16.3/lib/node_modules/lerna/node_modules/@lerna/import/index.js:104:31)
4 error     at /home/vic__gi/.nvm/versions/node/v12.16.3/lib/node_modules/lerna/node_modules/@lerna/command/index.js:272:24
