Arguments: 
  /home/vic__gi/.nvm/versions/node/v12.16.3/bin/node /usr/share/yarn/bin/yarn.js

PATH: 
  /home/vic__gi/.nvm/versions/node/v12.16.3/bin:/home/linuxbrew/.linuxbrew/bin:/home/linuxbrew/.linuxbrew/sbin:/home/vic__gi/.local/bin:/usr/local/sbin:/usr/local/bin:/usr/sbin:/usr/bin:/sbin:/bin:/usr/games:/usr/local/games:/snap/bin:/opt/yarn-[version]/bin:/home/vic__gi/Android/Sdk/emulator:/home/vic__gi/Android/Sdk/tools:/home/vic__gi/Android/Sdk/tools/bin:/home/vic__gi/Android/Sdk/platform-tools:/opt/yarn-[version]/bin:/home/vic__gi/Android/Sdk/emulator:/home/vic__gi/Android/Sdk/tools:/home/vic__gi/Android/Sdk/tools/bin:/home/vic__gi/Android/Sdk/platform-tools

Yarn version: 
  1.22.5

Node version: 
  12.16.3

Platform: 
  linux x64

Trace: 
  SyntaxError: /home/vic__gi/Documents/Shenanigan/shenanigan-monorepo/package.json: Unexpected token } in JSON at position 984
      at JSON.parse (<anonymous>)
      at /usr/share/yarn/lib/cli.js:1625:59
      at Generator.next (<anonymous>)
      at step (/usr/share/yarn/lib/cli.js:310:30)
      at /usr/share/yarn/lib/cli.js:321:13

npm manifest: 
  {
  	"name": "root",
  	"private": true,
  	"scripts": {
  		"compile": "lerna run compile --parallel --scope @shenanigan/contracts ",
  		"deploy": "lerna run deploy --parallel --scope @shenanigan/contracts ",
  		"test": "lerna run test --parallel --",
  		"chain": "cd packages/contracts && npx buidler node",
  		"sidechain": "cd packages/contracts && npx buidler node --port 8546",
  		"generate": "lerna run generate --parallel --scope @shenanigan/contracts ",
  		"accounts": "cd packages/contracts && npx buidler accounts",
  		"account": "cd packages/contracts && npx buidler account",
  		"balance": "cd packages/contracts && npx buidler balance",
  		"send": "cd packages/contracts && npx buidler send"
    },
    "devDependencies": {
      "lerna": "^3.22.1",
      "@nomiclabs/buidler": "^1.4.4",
  		"@nomiclabs/buidler-ethers": "^2.0.0",
  		"@nomiclabs/buidler-truffle5": "^1.3.4",
  		"@nomiclabs/buidler-waffle": "^2.0.0",
  		"@nomiclabs/buidler-web3": "^1.3.3",
  		"@opengsn/gsn": "2.0.0-alpha.3-patch.2",
  	},
  	"workspaces": [
  		"packages/*"
  	]
  }

yarn manifest: 
  No manifest

Lockfile: 
  No lockfile
